<?xml version="1.0" encoding="UTF-8"?>
<testsuite name="org.example.HandTest" tests="5" skipped="0" failures="0" errors="0" timestamp="2025-09-16T13:16:06.656Z" hostname="EVANDERER" time="0.042">
  <properties/>
  <testcase name="Test score with simple cards" classname="org.example.HandTest" time="0.031"/>
  <testcase name="Test score with one Ace as 1 after a bust" classname="org.example.HandTest" time="0.001"/>
  <testcase name="Test score with two Aces" classname="org.example.HandTest" time="0.002"/>
  <testcase name="Test busting" classname="org.example.HandTest" time="0.002"/>
  <testcase name="Test score with one Ace as 11" classname="org.example.HandTest" time="0.002"/>
  <system-out><![CDATA[]]></system-out>
  <system-err><![CDATA[]]></system-err>
</testsuite>
